<?xml version="1.0" encoding="UTF-8"?>
<!-- Generated by org.testng.reporters.JUnitReportReporter -->
<testsuite hostname="LAPTOP-GGJ4726G" failures="0" tests="1" name="SeleniumBasics.locators" time="19.123" errors="0" timestamp="26 May 2019 19:55:04 GMT" skipped="0">
  <testcase classname="SeleniumBasics.locators" name="openBrowser" time="19.123"/>
</testsuite> <!-- SeleniumBasics.locators -->
