<?xml version="1.0" encoding="UTF-8"?>
<!-- Generated by org.testng.reporters.JUnitReportReporter -->
<testsuite hostname="LAPTOP-GGJ4726G" failures="0" tests="1" name="SeleniumBasics.DifferentActions" time="20.445" errors="0" timestamp="16 Jun 2019 20:09:39 GMT" skipped="0">
  <testcase classname="SeleniumBasics.DifferentActions" name="clickLinkdynamicly" time="20.445"/>
</testsuite> <!-- SeleniumBasics.DifferentActions -->
