<?xml version="1.0" encoding="UTF-8"?>
<!-- Generated by org.testng.reporters.JUnitReportReporter -->
<testsuite hostname="LAPTOP-GGJ4726G" failures="0" tests="3" name="TestScript.skipEnabledDisabled" time="0.008" errors="0" timestamp="29 Jul 2019 00:11:00 GMT" skipped="2">
  <testcase classname="TestScript.skipEnabledDisabled" name="skipTest" time="0.002">
    <skipped/>
  </testcase> <!-- skipTest -->
  <testcase classname="TestScript.skipEnabledDisabled" name="enabledTrue" time="0.006"/>
  <testcase classname="TestScript.skipEnabledDisabled" name="enabledfalse">
    <skipped/>
  </testcase> <!-- enabledfalse -->
</testsuite> <!-- TestScript.skipEnabledDisabled -->
