<?xml version="1.0" encoding="UTF-8"?>
<!-- Generated by org.testng.reporters.JUnitReportReporter -->
<testsuite hostname="LAPTOP-GGJ4726G" failures="0" tests="3" name="Base.SetUpBreakDown" time="0.021" errors="0" timestamp="21 Jul 2019 19:58:07 GMT" skipped="0">
  <testcase classname="Base.SetUpBreakDown" name="logInTest" time="0.009"/>
  <testcase classname="Base.SetUpBreakDown" name="changePassword" time="0.006"/>
  <testcase classname="Base.SetUpBreakDown" name="logOutTest" time="0.006"/>
</testsuite> <!-- Base.SetUpBreakDown -->
